#! /usr/share/iverilog-0.10.0/bin/vvp
:ivl_version "0.10.0 (devel)" "(v0_9_6)";
:ivl_delay_selection "TYPICAL";
:vpi_time_precision + 0;
:vpi_module "system";
:vpi_module "vhdl_sys";
:vpi_module "v2005_math";
:vpi_module "va_math";
:vpi_module "v2009";
S_0x2516e70 .scope module, "PRNG_tb" "PRNG_tb" 2 1;
 .timescale 0 0;
v0x2528950_0 .var "clk_tb", 0 0;
v0x2528a20_0 .var "set_tb", 0 0;
S_0x25147b0 .scope module, "PRNG_1" "PRNG" 2 4, 3 1 0, S_0x2516e70;
 .timescale 0 0;
    .port_info 0 /INPUT 1 "clk"
    .port_info 1 /INPUT 1 "set"
v0x2514980_0 .var "Q", 3 1;
v0x2528760_0 .net "clk", 0 0, v0x2528950_0;  1 drivers
v0x2528820_0 .net "set", 0 0, v0x2528a20_0;  1 drivers
E_0x2514f40 .event posedge, v0x2528760_0;
    .scope S_0x25147b0;
T_0 ;
    %movi 8, 1, 3;
    %set/v v0x2514980_0, 8, 3;
    %end;
    .thread T_0;
    .scope S_0x25147b0;
T_1 ;
    %wait E_0x2514f40;
    %load/v 8, v0x2528820_0, 1;
    %jmp/0xz  T_1.0, 8;
    %movi 8, 6, 3;
    %set/v v0x2514980_0, 8, 3;
    %jmp T_1.1;
T_1.0 ;
    %ix/load 1, 1, 0;
    %mov 4, 0, 1;
    %jmp/1 T_1.2, 4;
    %load/x1p 8, v0x2514980_0, 1;
    %jmp T_1.3;
T_1.2 ;
    %mov 8, 2, 1;
T_1.3 ;
; Save base=8 wid=1 in lookaside.
    %ix/load 0, 1, 0;
    %ix/load 1, 2, 0;
    %assign/v0/x1 v0x2514980_0, 0, 8;
    %load/v 8, v0x2514980_0, 1; Only need 1 of 3 bits
; Save base=8 wid=1 in lookaside.
    %ix/load 0, 1, 0;
    %ix/load 1, 1, 0;
    %assign/v0/x1 v0x2514980_0, 0, 8;
    %ix/load 1, 2, 0;
    %mov 4, 0, 1;
    %jmp/1 T_1.4, 4;
    %load/x1p 8, v0x2514980_0, 1;
    %jmp T_1.5;
T_1.4 ;
    %mov 8, 2, 1;
T_1.5 ;
; Save base=8 wid=1 in lookaside.
    %load/v 9, v0x2514980_0, 1; Only need 1 of 3 bits
; Save base=9 wid=1 in lookaside.
    %xor 8, 9, 1;
    %ix/load 0, 1, 0;
    %ix/load 1, 0, 0;
    %assign/v0/x1 v0x2514980_0, 0, 8;
T_1.1 ;
    %jmp T_1;
    .thread T_1;
    .scope S_0x2516e70;
T_2 ;
    %set/v v0x2528950_0, 1, 1;
    %set/v v0x2528a20_0, 0, 1;
    %end;
    .thread T_2;
    .scope S_0x2516e70;
T_3 ;
    %delay 10, 0;
    %load/v 8, v0x2528950_0, 1;
    %inv 8, 1;
    %set/v v0x2528950_0, 8, 1;
    %jmp T_3;
    .thread T_3;
    .scope S_0x2516e70;
T_4 ;
    %delay 80, 0;
    %set/v v0x2528a20_0, 1, 1;
    %delay 10, 0;
    %set/v v0x2528a20_0, 0, 1;
    %end;
    .thread T_4;
    .scope S_0x2516e70;
T_5 ;
    %delay 400, 0;
    %vpi_call/w 2 25 "$finish" {0 0};
    %end;
    .thread T_5;
    .scope S_0x2516e70;
T_6 ;
    %vpi_call/w 2 29 "$dumpfile", "PRNG.vcd" {0 0};
    %vpi_call/w 2 30 "$dumpvars", 1'sb0, S_0x2516e70 {0 0};
    %end;
    .thread T_6;
# The file index is used to find the file name in the following table.
:file_names 4;
    "N/A";
    "<interactive>";
    "testbench.sv";
    "design.sv";
